The system is: Darwin - 19.6.0 - x86_64
Compiling the CXX compiler identification source file "CMakeCXXCompilerId.cpp" succeeded.
Compiler: /usr/bin/clang++ 
Build flags: 
Id flags:  

The output was:
0


Compilation of the CXX compiler identification source "CMakeCXXCompilerId.cpp" produced "a.out"

The CXX compiler identification is AppleClang, found in "/Users/calvinschaul/Documents/cs657-termproject/RVO-project/build/CMakeFiles/3.20.2/CompilerIdCXX/a.out"

Detecting CXX compiler ABI info compiled with the following output:
Change Dir: /Users/calvinschaul/Documents/cs657-termproject/RVO-project/build/CMakeFiles/CMakeTmp

Run Build Command(s):/usr/bin/make -f Makefile cmTC_ba571/fast && /Library/Developer/CommandLineTools/usr/bin/make  -f CMakeFiles/cmTC_ba571.dir/build.make CMakeFiles/cmTC_ba571.dir/build
Building CXX object CMakeFiles/cmTC_ba571.dir/CMakeCXXCompilerABI.cpp.o
/usr/bin/clang++   -isysroot /Library/Developer/CommandLineTools/SDKs/MacOSX10.15.sdk   -v -Wl,-v -MD -MT CMakeFiles/cmTC_ba571.dir/CMakeCXXCompilerABI.cpp.o -MF CMakeFiles/cmTC_ba571.dir/CMakeCXXCompilerABI.cpp.o.d -o CMakeFiles/cmTC_ba571.dir/CMakeCXXCompilerABI.cpp.o -c /usr/local/Cellar/cmake/3.20.2/share/cmake/Modules/CMakeCXXCompilerABI.cpp
Apple clang version 11.0.3 (clang-1103.0.32.59)
Target: x86_64-apple-darwin19.6.0
Thread model: posix
InstalledDir: /Library/Developer/CommandLineTools/usr/bin
clang: warning: -Wl,-v: 'linker' input unused [-Wunused-command-line-argument]
 "/Library/Developer/CommandLineTools/usr/bin/clang" -cc1 -triple x86_64-apple-macosx10.15.0 -Wdeprecated-objc-isa-usage -Werror=deprecated-objc-isa-usage -emit-obj -mrelax-all -disable-free -disable-llvm-verifier -discard-value-names -main-file-name CMakeCXXCompilerABI.cpp -mrelocation-model pic -pic-level 2 -mthread-model posix -mframe-pointer=all -fno-strict-return -masm-verbose -munwind-tables -target-sdk-version=10.15.4 -target-cpu penryn -dwarf-column-info -debugger-tuning=lldb -target-linker-version 556.6 -v -coverage-notes-file /Users/calvinschaul/Documents/cs657-termproject/RVO-project/build/CMakeFiles/CMakeTmp/CMakeFiles/cmTC_ba571.dir/CMakeCXXCompilerABI.cpp.gcno -resource-dir /Library/Developer/CommandLineTools/usr/lib/clang/11.0.3 -dependency-file CMakeFiles/cmTC_ba571.dir/CMakeCXXCompilerABI.cpp.o.d -skip-unused-modulemap-deps -sys-header-deps -MT CMakeFiles/cmTC_ba571.dir/CMakeCXXCompilerABI.cpp.o -isysroot /Library/Developer/CommandLineTools/SDKs/MacOSX10.15.sdk -stdlib=libc++ -internal-isystem /Library/Developer/CommandLineTools/usr/bin/../include/c++/v1 -internal-isystem /Library/Developer/CommandLineTools/SDKs/MacOSX10.15.sdk/usr/include/c++/v1 -internal-isystem /Library/Developer/CommandLineTools/SDKs/MacOSX10.15.sdk/usr/local/include -internal-isystem /Library/Developer/CommandLineTools/usr/lib/clang/11.0.3/include -internal-externc-isystem /Library/Developer/CommandLineTools/SDKs/MacOSX10.15.sdk/usr/include -internal-externc-isystem /Library/Developer/CommandLineTools/usr/include -Wno-objc-signed-char-bool-implicit-int-conversion -Wno-extra-semi-stmt -Wno-quoted-include-in-framework-header -fdeprecated-macro -fdebug-compilation-dir /Users/calvinschaul/Documents/cs657-termproject/RVO-project/build/CMakeFiles/CMakeTmp -ferror-limit 19 -fmessage-length 0 -stack-protector 1 -fstack-check -mdarwin-stkchk-strong-link -fblocks -fencode-extended-block-signature -fregister-global-dtors-with-atexit -fobjc-runtime=macosx-10.15.0 -fcxx-exceptions -fexceptions -fmax-type-align=16 -fdiagnostics-show-option -o CMakeFiles/cmTC_ba571.dir/CMakeCXXCompilerABI.cpp.o -x c++ /usr/local/Cellar/cmake/3.20.2/share/cmake/Modules/CMakeCXXCompilerABI.cpp
clang -cc1 version 11.0.3 (clang-1103.0.32.59) default target x86_64-apple-darwin19.6.0
ignoring nonexistent directory "/Library/Developer/CommandLineTools/SDKs/MacOSX10.15.sdk/usr/include/c++/v1"
ignoring nonexistent directory "/Library/Developer/CommandLineTools/SDKs/MacOSX10.15.sdk/usr/local/include"
ignoring nonexistent directory "/Library/Developer/CommandLineTools/SDKs/MacOSX10.15.sdk/Library/Frameworks"
#include "..." search starts here:
#include <...> search starts here:
 /Library/Developer/CommandLineTools/usr/bin/../include/c++/v1
 /Library/Developer/CommandLineTools/usr/lib/clang/11.0.3/include
 /Library/Developer/CommandLineTools/SDKs/MacOSX10.15.sdk/usr/include
 /Library/Developer/CommandLineTools/usr/include
 /Library/Developer/CommandLineTools/SDKs/MacOSX10.15.sdk/System/Library/Frameworks (framework directory)
End of search list.
Linking CXX executable cmTC_ba571
/usr/local/Cellar/cmake/3.20.2/bin/cmake -E cmake_link_script CMakeFiles/cmTC_ba571.dir/link.txt --verbose=1
/usr/bin/clang++  -isysroot /Library/Developer/CommandLineTools/SDKs/MacOSX10.15.sdk -Wl,-search_paths_first -Wl,-headerpad_max_install_names  -v -Wl,-v CMakeFiles/cmTC_ba571.dir/CMakeCXXCompilerABI.cpp.o -o cmTC_ba571 
Apple clang version 11.0.3 (clang-1103.0.32.59)
Target: x86_64-apple-darwin19.6.0
Thread model: posix
InstalledDir: /Library/Developer/CommandLineTools/usr/bin
 "/Library/Developer/CommandLineTools/usr/bin/ld" -demangle -lto_library /Library/Developer/CommandLineTools/usr/lib/libLTO.dylib -dynamic -arch x86_64 -platform_version macos 10.15.0 10.15.4 -syslibroot /Library/Developer/CommandLineTools/SDKs/MacOSX10.15.sdk -o cmTC_ba571 -search_paths_first -headerpad_max_install_names -v CMakeFiles/cmTC_ba571.dir/CMakeCXXCompilerABI.cpp.o -lc++ -lSystem /Library/Developer/CommandLineTools/usr/lib/clang/11.0.3/lib/darwin/libclang_rt.osx.a
@(#)PROGRAM:ld  PROJECT:ld64-556.6
BUILD 13:10:29 Apr  7 2020
configured to support archs: armv6 armv7 armv7s arm64 arm64e arm64_32 i386 x86_64 x86_64h armv6m armv7k armv7m armv7em
Library search paths:
	/Library/Developer/CommandLineTools/SDKs/MacOSX10.15.sdk/usr/lib
Framework search paths:
	/Library/Developer/CommandLineTools/SDKs/MacOSX10.15.sdk/System/Library/Frameworks/



Parsed CXX implicit include dir info from above output: rv=done
  found start of include info
  found start of implicit include info
    add: [/Library/Developer/CommandLineTools/usr/bin/../include/c++/v1]
    add: [/Library/Developer/CommandLineTools/usr/lib/clang/11.0.3/include]
    add: [/Library/Developer/CommandLineTools/SDKs/MacOSX10.15.sdk/usr/include]
    add: [/Library/Developer/CommandLineTools/usr/include]
  end of search list found
  collapse include dir [/Library/Developer/CommandLineTools/usr/bin/../include/c++/v1] ==> [/Library/Developer/CommandLineTools/usr/include/c++/v1]
  collapse include dir [/Library/Developer/CommandLineTools/usr/lib/clang/11.0.3/include] ==> [/Library/Developer/CommandLineTools/usr/lib/clang/11.0.3/include]
  collapse include dir [/Library/Developer/CommandLineTools/SDKs/MacOSX10.15.sdk/usr/include] ==> [/Library/Developer/CommandLineTools/SDKs/MacOSX10.15.sdk/usr/include]
  collapse include dir [/Library/Developer/CommandLineTools/usr/include] ==> [/Library/Developer/CommandLineTools/usr/include]
  implicit include dirs: [/Library/Developer/CommandLineTools/usr/include/c++/v1;/Library/Developer/CommandLineTools/usr/lib/clang/11.0.3/include;/Library/Developer/CommandLineTools/SDKs/MacOSX10.15.sdk/usr/include;/Library/Developer/CommandLineTools/usr/include]


Parsed CXX implicit link information from above output:
  link line regex: [^( *|.*[/\])(ld|CMAKE_LINK_STARTFILE-NOTFOUND|([^/\]+-)?ld|collect2)[^/\]*( |$)]
  ignore line: [Change Dir: /Users/calvinschaul/Documents/cs657-termproject/RVO-project/build/CMakeFiles/CMakeTmp]
  ignore line: []
  ignore line: [Run Build Command(s):/usr/bin/make -f Makefile cmTC_ba571/fast && /Library/Developer/CommandLineTools/usr/bin/make  -f CMakeFiles/cmTC_ba571.dir/build.make CMakeFiles/cmTC_ba571.dir/build]
  ignore line: [Building CXX object CMakeFiles/cmTC_ba571.dir/CMakeCXXCompilerABI.cpp.o]
  ignore line: [/usr/bin/clang++   -isysroot /Library/Developer/CommandLineTools/SDKs/MacOSX10.15.sdk   -v -Wl -v -MD -MT CMakeFiles/cmTC_ba571.dir/CMakeCXXCompilerABI.cpp.o -MF CMakeFiles/cmTC_ba571.dir/CMakeCXXCompilerABI.cpp.o.d -o CMakeFiles/cmTC_ba571.dir/CMakeCXXCompilerABI.cpp.o -c /usr/local/Cellar/cmake/3.20.2/share/cmake/Modules/CMakeCXXCompilerABI.cpp]
  ignore line: [Apple clang version 11.0.3 (clang-1103.0.32.59)]
  ignore line: [Target: x86_64-apple-darwin19.6.0]
  ignore line: [Thread model: posix]
  ignore line: [InstalledDir: /Library/Developer/CommandLineTools/usr/bin]
  ignore line: [clang: warning: -Wl -v: 'linker' input unused [-Wunused-command-line-argument]]
  ignore line: [ "/Library/Developer/CommandLineTools/usr/bin/clang" -cc1 -triple x86_64-apple-macosx10.15.0 -Wdeprecated-objc-isa-usage -Werror=deprecated-objc-isa-usage -emit-obj -mrelax-all -disable-free -disable-llvm-verifier -discard-value-names -main-file-name CMakeCXXCompilerABI.cpp -mrelocation-model pic -pic-level 2 -mthread-model posix -mframe-pointer=all -fno-strict-return -masm-verbose -munwind-tables -target-sdk-version=10.15.4 -target-cpu penryn -dwarf-column-info -debugger-tuning=lldb -target-linker-version 556.6 -v -coverage-notes-file /Users/calvinschaul/Documents/cs657-termproject/RVO-project/build/CMakeFiles/CMakeTmp/CMakeFiles/cmTC_ba571.dir/CMakeCXXCompilerABI.cpp.gcno -resource-dir /Library/Developer/CommandLineTools/usr/lib/clang/11.0.3 -dependency-file CMakeFiles/cmTC_ba571.dir/CMakeCXXCompilerABI.cpp.o.d -skip-unused-modulemap-deps -sys-header-deps -MT CMakeFiles/cmTC_ba571.dir/CMakeCXXCompilerABI.cpp.o -isysroot /Library/Developer/CommandLineTools/SDKs/MacOSX10.15.sdk -stdlib=libc++ -internal-isystem /Library/Developer/CommandLineTools/usr/bin/../include/c++/v1 -internal-isystem /Library/Developer/CommandLineTools/SDKs/MacOSX10.15.sdk/usr/include/c++/v1 -internal-isystem /Library/Developer/CommandLineTools/SDKs/MacOSX10.15.sdk/usr/local/include -internal-isystem /Library/Developer/CommandLineTools/usr/lib/clang/11.0.3/include -internal-externc-isystem /Library/Developer/CommandLineTools/SDKs/MacOSX10.15.sdk/usr/include -internal-externc-isystem /Library/Developer/CommandLineTools/usr/include -Wno-objc-signed-char-bool-implicit-int-conversion -Wno-extra-semi-stmt -Wno-quoted-include-in-framework-header -fdeprecated-macro -fdebug-compilation-dir /Users/calvinschaul/Documents/cs657-termproject/RVO-project/build/CMakeFiles/CMakeTmp -ferror-limit 19 -fmessage-length 0 -stack-protector 1 -fstack-check -mdarwin-stkchk-strong-link -fblocks -fencode-extended-block-signature -fregister-global-dtors-with-atexit -fobjc-runtime=macosx-10.15.0 -fcxx-exceptions -fexceptions -fmax-type-align=16 -fdiagnostics-show-option -o CMakeFiles/cmTC_ba571.dir/CMakeCXXCompilerABI.cpp.o -x c++ /usr/local/Cellar/cmake/3.20.2/share/cmake/Modules/CMakeCXXCompilerABI.cpp]
  ignore line: [clang -cc1 version 11.0.3 (clang-1103.0.32.59) default target x86_64-apple-darwin19.6.0]
  ignore line: [ignoring nonexistent directory "/Library/Developer/CommandLineTools/SDKs/MacOSX10.15.sdk/usr/include/c++/v1"]
  ignore line: [ignoring nonexistent directory "/Library/Developer/CommandLineTools/SDKs/MacOSX10.15.sdk/usr/local/include"]
  ignore line: [ignoring nonexistent directory "/Library/Developer/CommandLineTools/SDKs/MacOSX10.15.sdk/Library/Frameworks"]
  ignore line: [#include "..." search starts here:]
  ignore line: [#include <...> search starts here:]
  ignore line: [ /Library/Developer/CommandLineTools/usr/bin/../include/c++/v1]
  ignore line: [ /Library/Developer/CommandLineTools/usr/lib/clang/11.0.3/include]
  ignore line: [ /Library/Developer/CommandLineTools/SDKs/MacOSX10.15.sdk/usr/include]
  ignore line: [ /Library/Developer/CommandLineTools/usr/include]
  ignore line: [ /Library/Developer/CommandLineTools/SDKs/MacOSX10.15.sdk/System/Library/Frameworks (framework directory)]
  ignore line: [End of search list.]
  ignore line: [Linking CXX executable cmTC_ba571]
  ignore line: [/usr/local/Cellar/cmake/3.20.2/bin/cmake -E cmake_link_script CMakeFiles/cmTC_ba571.dir/link.txt --verbose=1]
  ignore line: [/usr/bin/clang++  -isysroot /Library/Developer/CommandLineTools/SDKs/MacOSX10.15.sdk -Wl -search_paths_first -Wl -headerpad_max_install_names  -v -Wl -v CMakeFiles/cmTC_ba571.dir/CMakeCXXCompilerABI.cpp.o -o cmTC_ba571 ]
  ignore line: [Apple clang version 11.0.3 (clang-1103.0.32.59)]
  ignore line: [Target: x86_64-apple-darwin19.6.0]
  ignore line: [Thread model: posix]
  ignore line: [InstalledDir: /Library/Developer/CommandLineTools/usr/bin]
  link line: [ "/Library/Developer/CommandLineTools/usr/bin/ld" -demangle -lto_library /Library/Developer/CommandLineTools/usr/lib/libLTO.dylib -dynamic -arch x86_64 -platform_version macos 10.15.0 10.15.4 -syslibroot /Library/Developer/CommandLineTools/SDKs/MacOSX10.15.sdk -o cmTC_ba571 -search_paths_first -headerpad_max_install_names -v CMakeFiles/cmTC_ba571.dir/CMakeCXXCompilerABI.cpp.o -lc++ -lSystem /Library/Developer/CommandLineTools/usr/lib/clang/11.0.3/lib/darwin/libclang_rt.osx.a]
    arg [/Library/Developer/CommandLineTools/usr/bin/ld] ==> ignore
    arg [-demangle] ==> ignore
    arg [-lto_library] ==> ignore, skip following value
    arg [/Library/Developer/CommandLineTools/usr/lib/libLTO.dylib] ==> skip value of -lto_library
    arg [-dynamic] ==> ignore
    arg [-arch] ==> ignore
    arg [x86_64] ==> ignore
    arg [-platform_version] ==> ignore
    arg [macos] ==> ignore
    arg [10.15.0] ==> ignore
    arg [10.15.4] ==> ignore
    arg [-syslibroot] ==> ignore
    arg [/Library/Developer/CommandLineTools/SDKs/MacOSX10.15.sdk] ==> ignore
    arg [-o] ==> ignore
    arg [cmTC_ba571] ==> ignore
    arg [-search_paths_first] ==> ignore
    arg [-headerpad_max_install_names] ==> ignore
    arg [-v] ==> ignore
    arg [CMakeFiles/cmTC_ba571.dir/CMakeCXXCompilerABI.cpp.o] ==> ignore
    arg [-lc++] ==> lib [c++]
    arg [-lSystem] ==> lib [System]
    arg [/Library/Developer/CommandLineTools/usr/lib/clang/11.0.3/lib/darwin/libclang_rt.osx.a] ==> lib [/Library/Developer/CommandLineTools/usr/lib/clang/11.0.3/lib/darwin/libclang_rt.osx.a]
  Library search paths: [;/Library/Developer/CommandLineTools/SDKs/MacOSX10.15.sdk/usr/lib]
  Framework search paths: [;/Library/Developer/CommandLineTools/SDKs/MacOSX10.15.sdk/System/Library/Frameworks/]
  remove lib [System]
  remove lib [/Library/Developer/CommandLineTools/usr/lib/clang/11.0.3/lib/darwin/libclang_rt.osx.a]
  collapse library dir [/Library/Developer/CommandLineTools/SDKs/MacOSX10.15.sdk/usr/lib] ==> [/Library/Developer/CommandLineTools/SDKs/MacOSX10.15.sdk/usr/lib]
  collapse framework dir [/Library/Developer/CommandLineTools/SDKs/MacOSX10.15.sdk/System/Library/Frameworks/] ==> [/Library/Developer/CommandLineTools/SDKs/MacOSX10.15.sdk/System/Library/Frameworks]
  implicit libs: [c++]
  implicit objs: []
  implicit dirs: [/Library/Developer/CommandLineTools/SDKs/MacOSX10.15.sdk/usr/lib]
  implicit fwks: [/Library/Developer/CommandLineTools/SDKs/MacOSX10.15.sdk/System/Library/Frameworks]


Performing C++ SOURCE FILE Test RVO_COMPILER_SUPPORTS_WALL succeeded with the following output:
Change Dir: /Users/calvinschaul/Documents/cs657-termproject/RVO-project/build/CMakeFiles/CMakeTmp

Run Build Command(s):/usr/bin/make -f Makefile cmTC_7a409/fast && /Library/Developer/CommandLineTools/usr/bin/make  -f CMakeFiles/cmTC_7a409.dir/build.make CMakeFiles/cmTC_7a409.dir/build
Building CXX object CMakeFiles/cmTC_7a409.dir/src.cxx.o
/usr/bin/clang++ -DRVO_COMPILER_SUPPORTS_WALL  -isysroot /Library/Developer/CommandLineTools/SDKs/MacOSX10.15.sdk -fPIE   -Wall -std=c++98 -MD -MT CMakeFiles/cmTC_7a409.dir/src.cxx.o -MF CMakeFiles/cmTC_7a409.dir/src.cxx.o.d -o CMakeFiles/cmTC_7a409.dir/src.cxx.o -c /Users/calvinschaul/Documents/cs657-termproject/RVO-project/build/CMakeFiles/CMakeTmp/src.cxx
Linking CXX executable cmTC_7a409
/usr/local/Cellar/cmake/3.20.2/bin/cmake -E cmake_link_script CMakeFiles/cmTC_7a409.dir/link.txt --verbose=1
/usr/bin/clang++  -isysroot /Library/Developer/CommandLineTools/SDKs/MacOSX10.15.sdk -Wl,-search_paths_first -Wl,-headerpad_max_install_names CMakeFiles/cmTC_7a409.dir/src.cxx.o -o cmTC_7a409 


Source file was:
int main() { return 0; }
Performing C++ SOURCE FILE Test RVO_COMPILER_SUPPORTS_WFORMAT_SECURITY succeeded with the following output:
Change Dir: /Users/calvinschaul/Documents/cs657-termproject/RVO-project/build/CMakeFiles/CMakeTmp

Run Build Command(s):/usr/bin/make -f Makefile cmTC_668d3/fast && /Library/Developer/CommandLineTools/usr/bin/make  -f CMakeFiles/cmTC_668d3.dir/build.make CMakeFiles/cmTC_668d3.dir/build
Building CXX object CMakeFiles/cmTC_668d3.dir/src.cxx.o
/usr/bin/clang++ -DRVO_COMPILER_SUPPORTS_WFORMAT_SECURITY  -isysroot /Library/Developer/CommandLineTools/SDKs/MacOSX10.15.sdk -fPIE   -Wformat-security -std=c++98 -MD -MT CMakeFiles/cmTC_668d3.dir/src.cxx.o -MF CMakeFiles/cmTC_668d3.dir/src.cxx.o.d -o CMakeFiles/cmTC_668d3.dir/src.cxx.o -c /Users/calvinschaul/Documents/cs657-termproject/RVO-project/build/CMakeFiles/CMakeTmp/src.cxx
Linking CXX executable cmTC_668d3
/usr/local/Cellar/cmake/3.20.2/bin/cmake -E cmake_link_script CMakeFiles/cmTC_668d3.dir/link.txt --verbose=1
/usr/bin/clang++  -isysroot /Library/Developer/CommandLineTools/SDKs/MacOSX10.15.sdk -Wl,-search_paths_first -Wl,-headerpad_max_install_names CMakeFiles/cmTC_668d3.dir/src.cxx.o -o cmTC_668d3 


Source file was:
int main() { return 0; }
Performing C++ SOURCE FILE Test RVO_COMPILER_SUPPORTS_WERROR_FORMAT_SECURITY succeeded with the following output:
Change Dir: /Users/calvinschaul/Documents/cs657-termproject/RVO-project/build/CMakeFiles/CMakeTmp

Run Build Command(s):/usr/bin/make -f Makefile cmTC_6ffcf/fast && /Library/Developer/CommandLineTools/usr/bin/make  -f CMakeFiles/cmTC_6ffcf.dir/build.make CMakeFiles/cmTC_6ffcf.dir/build
Building CXX object CMakeFiles/cmTC_6ffcf.dir/src.cxx.o
/usr/bin/clang++ -DRVO_COMPILER_SUPPORTS_WERROR_FORMAT_SECURITY  -isysroot /Library/Developer/CommandLineTools/SDKs/MacOSX10.15.sdk -fPIE   -Werror=format-security -std=c++98 -MD -MT CMakeFiles/cmTC_6ffcf.dir/src.cxx.o -MF CMakeFiles/cmTC_6ffcf.dir/src.cxx.o.d -o CMakeFiles/cmTC_6ffcf.dir/src.cxx.o -c /Users/calvinschaul/Documents/cs657-termproject/RVO-project/build/CMakeFiles/CMakeTmp/src.cxx
Linking CXX executable cmTC_6ffcf
/usr/local/Cellar/cmake/3.20.2/bin/cmake -E cmake_link_script CMakeFiles/cmTC_6ffcf.dir/link.txt --verbose=1
/usr/bin/clang++  -isysroot /Library/Developer/CommandLineTools/SDKs/MacOSX10.15.sdk -Wl,-search_paths_first -Wl,-headerpad_max_install_names CMakeFiles/cmTC_6ffcf.dir/src.cxx.o -o cmTC_6ffcf 


Source file was:
int main() { return 0; }
Performing C++ SOURCE FILE Test RVO_COMPILER_SUPPORTS_WNO_UNUSED succeeded with the following output:
Change Dir: /Users/calvinschaul/Documents/cs657-termproject/RVO-project/build/CMakeFiles/CMakeTmp

Run Build Command(s):/usr/bin/make -f Makefile cmTC_b305c/fast && /Library/Developer/CommandLineTools/usr/bin/make  -f CMakeFiles/cmTC_b305c.dir/build.make CMakeFiles/cmTC_b305c.dir/build
Building CXX object CMakeFiles/cmTC_b305c.dir/src.cxx.o
/usr/bin/clang++ -DRVO_COMPILER_SUPPORTS_WNO_UNUSED  -isysroot /Library/Developer/CommandLineTools/SDKs/MacOSX10.15.sdk -fPIE   -Wno-unused -std=c++98 -MD -MT CMakeFiles/cmTC_b305c.dir/src.cxx.o -MF CMakeFiles/cmTC_b305c.dir/src.cxx.o.d -o CMakeFiles/cmTC_b305c.dir/src.cxx.o -c /Users/calvinschaul/Documents/cs657-termproject/RVO-project/build/CMakeFiles/CMakeTmp/src.cxx
Linking CXX executable cmTC_b305c
/usr/local/Cellar/cmake/3.20.2/bin/cmake -E cmake_link_script CMakeFiles/cmTC_b305c.dir/link.txt --verbose=1
/usr/bin/clang++  -isysroot /Library/Developer/CommandLineTools/SDKs/MacOSX10.15.sdk -Wl,-search_paths_first -Wl,-headerpad_max_install_names CMakeFiles/cmTC_b305c.dir/src.cxx.o -o cmTC_b305c 


Source file was:
int main() { return 0; }
Performing C++ SOURCE FILE Test HRVO_LINKER_SUPPORTS_FATAL_WARNINGS succeeded with the following output:
Change Dir: /Users/calvinschaul/Documents/cs657-termproject/RVO-project/build/CMakeFiles/CMakeTmp

Run Build Command(s):/usr/bin/make -f Makefile cmTC_97da4/fast && /Library/Developer/CommandLineTools/usr/bin/make  -f CMakeFiles/cmTC_97da4.dir/build.make CMakeFiles/cmTC_97da4.dir/build
Building CXX object CMakeFiles/cmTC_97da4.dir/src.cxx.o
/usr/bin/clang++ -DHRVO_LINKER_SUPPORTS_FATAL_WARNINGS  -Wall -Wformat-security -Werror=format-security -Wno-unused  -isysroot /Library/Developer/CommandLineTools/SDKs/MacOSX10.15.sdk -fPIE -std=c++98 -MD -MT CMakeFiles/cmTC_97da4.dir/src.cxx.o -MF CMakeFiles/cmTC_97da4.dir/src.cxx.o.d -o CMakeFiles/cmTC_97da4.dir/src.cxx.o -c /Users/calvinschaul/Documents/cs657-termproject/RVO-project/build/CMakeFiles/CMakeTmp/src.cxx
Linking CXX executable cmTC_97da4
/usr/local/Cellar/cmake/3.20.2/bin/cmake -E cmake_link_script CMakeFiles/cmTC_97da4.dir/link.txt --verbose=1
/usr/bin/clang++  -Wall -Wformat-security -Werror=format-security -Wno-unused  -isysroot /Library/Developer/CommandLineTools/SDKs/MacOSX10.15.sdk -Wl,-search_paths_first -Wl,-headerpad_max_install_names -Wl,-fatal_warnings CMakeFiles/cmTC_97da4.dir/src.cxx.o -o cmTC_97da4 


Source file was:
int main() { return 0; }
Performing C++ SOURCE FILE Test COMPILER_HAS_HIDDEN_VISIBILITY succeeded with the following output:
Change Dir: /Users/calvinschaul/Documents/cs657-termproject/RVO-project/build/CMakeFiles/CMakeTmp

Run Build Command(s):/usr/bin/make -f Makefile cmTC_6e5a1/fast && /Library/Developer/CommandLineTools/usr/bin/make  -f CMakeFiles/cmTC_6e5a1.dir/build.make CMakeFiles/cmTC_6e5a1.dir/build
Building CXX object CMakeFiles/cmTC_6e5a1.dir/src.cxx.o
/usr/bin/clang++ -DCOMPILER_HAS_HIDDEN_VISIBILITY  -Wall -Wformat-security -Werror=format-security -Wno-unused  -isysroot /Library/Developer/CommandLineTools/SDKs/MacOSX10.15.sdk -fPIE   -fvisibility=hidden -std=c++98 -MD -MT CMakeFiles/cmTC_6e5a1.dir/src.cxx.o -MF CMakeFiles/cmTC_6e5a1.dir/src.cxx.o.d -o CMakeFiles/cmTC_6e5a1.dir/src.cxx.o -c /Users/calvinschaul/Documents/cs657-termproject/RVO-project/build/CMakeFiles/CMakeTmp/src.cxx
Linking CXX executable cmTC_6e5a1
/usr/local/Cellar/cmake/3.20.2/bin/cmake -E cmake_link_script CMakeFiles/cmTC_6e5a1.dir/link.txt --verbose=1
/usr/bin/clang++  -Wall -Wformat-security -Werror=format-security -Wno-unused  -isysroot /Library/Developer/CommandLineTools/SDKs/MacOSX10.15.sdk -Wl,-search_paths_first -Wl,-headerpad_max_install_names CMakeFiles/cmTC_6e5a1.dir/src.cxx.o -o cmTC_6e5a1 


Source file was:
int main() { return 0; }
Performing C++ SOURCE FILE Test COMPILER_HAS_HIDDEN_INLINE_VISIBILITY succeeded with the following output:
Change Dir: /Users/calvinschaul/Documents/cs657-termproject/RVO-project/build/CMakeFiles/CMakeTmp

Run Build Command(s):/usr/bin/make -f Makefile cmTC_d5ce2/fast && /Library/Developer/CommandLineTools/usr/bin/make  -f CMakeFiles/cmTC_d5ce2.dir/build.make CMakeFiles/cmTC_d5ce2.dir/build
Building CXX object CMakeFiles/cmTC_d5ce2.dir/src.cxx.o
/usr/bin/clang++ -DCOMPILER_HAS_HIDDEN_INLINE_VISIBILITY  -Wall -Wformat-security -Werror=format-security -Wno-unused  -isysroot /Library/Developer/CommandLineTools/SDKs/MacOSX10.15.sdk -fPIE   -fvisibility-inlines-hidden -std=c++98 -MD -MT CMakeFiles/cmTC_d5ce2.dir/src.cxx.o -MF CMakeFiles/cmTC_d5ce2.dir/src.cxx.o.d -o CMakeFiles/cmTC_d5ce2.dir/src.cxx.o -c /Users/calvinschaul/Documents/cs657-termproject/RVO-project/build/CMakeFiles/CMakeTmp/src.cxx
Linking CXX executable cmTC_d5ce2
/usr/local/Cellar/cmake/3.20.2/bin/cmake -E cmake_link_script CMakeFiles/cmTC_d5ce2.dir/link.txt --verbose=1
/usr/bin/clang++  -Wall -Wformat-security -Werror=format-security -Wno-unused  -isysroot /Library/Developer/CommandLineTools/SDKs/MacOSX10.15.sdk -Wl,-search_paths_first -Wl,-headerpad_max_install_names CMakeFiles/cmTC_d5ce2.dir/src.cxx.o -o cmTC_d5ce2 


Source file was:
int main() { return 0; }
Performing C++ SOURCE FILE Test COMPILER_HAS_DEPRECATED_ATTR succeeded with the following output:
Change Dir: /Users/calvinschaul/Documents/cs657-termproject/RVO-project/build/CMakeFiles/CMakeTmp

Run Build Command(s):/usr/bin/make -f Makefile cmTC_7fb49/fast && /Library/Developer/CommandLineTools/usr/bin/make  -f CMakeFiles/cmTC_7fb49.dir/build.make CMakeFiles/cmTC_7fb49.dir/build
Building CXX object CMakeFiles/cmTC_7fb49.dir/src.cxx.o
/usr/bin/clang++ -DCOMPILER_HAS_DEPRECATED_ATTR  -Wall -Wformat-security -Werror=format-security -Wno-unused  -isysroot /Library/Developer/CommandLineTools/SDKs/MacOSX10.15.sdk -fPIE -std=c++98 -MD -MT CMakeFiles/cmTC_7fb49.dir/src.cxx.o -MF CMakeFiles/cmTC_7fb49.dir/src.cxx.o.d -o CMakeFiles/cmTC_7fb49.dir/src.cxx.o -c /Users/calvinschaul/Documents/cs657-termproject/RVO-project/build/CMakeFiles/CMakeTmp/src.cxx
/Users/calvinschaul/Documents/cs657-termproject/RVO-project/build/CMakeFiles/CMakeTmp/src.cxx:2:25: warning: 'somefunc' is deprecated [-Wdeprecated-declarations]
    int main() { return somefunc();}
                        ^
/Users/calvinschaul/Documents/cs657-termproject/RVO-project/build/CMakeFiles/CMakeTmp/src.cxx:1:16: note: 'somefunc' has been explicitly marked deprecated here
__attribute__((__deprecated__)) int somefunc() { return 0; }
               ^
1 warning generated.
Linking CXX executable cmTC_7fb49
/usr/local/Cellar/cmake/3.20.2/bin/cmake -E cmake_link_script CMakeFiles/cmTC_7fb49.dir/link.txt --verbose=1
/usr/bin/clang++  -Wall -Wformat-security -Werror=format-security -Wno-unused  -isysroot /Library/Developer/CommandLineTools/SDKs/MacOSX10.15.sdk -Wl,-search_paths_first -Wl,-headerpad_max_install_names CMakeFiles/cmTC_7fb49.dir/src.cxx.o -o cmTC_7fb49 


Source file was:
__attribute__((__deprecated__)) int somefunc() { return 0; }
    int main() { return somefunc();}
